{"level":"error","message":"MongoDB connection error: connect ECONNREFUSED ::1:27017","reason":{"commonWireVersion":0,"compatible":true,"heartbeatFrequencyMS":10000,"localThresholdMS":15,"logicalSessionTimeoutMinutes":null,"maxElectionId":null,"maxSetVersion":null,"servers":{},"setName":null,"stale":false,"type":"Unknown"},"stack":"MongooseServerSelectionError: connect ECONNREFUSED ::1:27017\n    at _handleConnectionErrors (C:\\Projects\\News-Tecno\\tech-news\\Tech-News\\backend\\node_modules\\mongoose\\lib\\connection.js:816:11)\n    at NativeConnection.openUri (C:\\Projects\\News-Tecno\\tech-news\\Tech-News\\backend\\node_modules\\mongoose\\lib\\connection.js:791:11)","timestamp":"2025-01-29T13:36:35.202Z"}
{"level":"error","message":"MongoDB connection error: connect ECONNREFUSED ::1:27017","reason":{"commonWireVersion":0,"compatible":true,"heartbeatFrequencyMS":10000,"localThresholdMS":15,"logicalSessionTimeoutMinutes":null,"maxElectionId":null,"maxSetVersion":null,"servers":{},"setName":null,"stale":false,"type":"Unknown"},"stack":"MongooseServerSelectionError: connect ECONNREFUSED ::1:27017\n    at _handleConnectionErrors (C:\\Projects\\News-Tecno\\tech-news\\Tech-News\\backend\\node_modules\\mongoose\\lib\\connection.js:816:11)\n    at NativeConnection.openUri (C:\\Projects\\News-Tecno\\tech-news\\Tech-News\\backend\\node_modules\\mongoose\\lib\\connection.js:791:11)","timestamp":"2025-01-29T14:53:38.243Z"}
{"level":"error","message":"MongoDB connection error: connect ECONNREFUSED ::1:27017","reason":{"commonWireVersion":0,"compatible":true,"heartbeatFrequencyMS":10000,"localThresholdMS":15,"logicalSessionTimeoutMinutes":null,"maxElectionId":null,"maxSetVersion":null,"servers":{},"setName":null,"stale":false,"type":"Unknown"},"stack":"MongooseServerSelectionError: connect ECONNREFUSED ::1:27017\n    at _handleConnectionErrors (C:\\Projects\\News-Tecno\\tech-news\\Tech-News\\backend\\node_modules\\mongoose\\lib\\connection.js:816:11)\n    at NativeConnection.openUri (C:\\Projects\\News-Tecno\\tech-news\\Tech-News\\backend\\node_modules\\mongoose\\lib\\connection.js:791:11)","timestamp":"2025-01-29T14:56:18.281Z"}
{"level":"info","message":"MongoDB connected successfully","timestamp":"2025-01-29T14:56:29.312Z"}
{"level":"info","message":"Server is running on port 3000","timestamp":"2025-01-29T14:56:29.318Z"}
{"level":"info","message":"MongoDB connected successfully","timestamp":"2025-01-29T15:20:20.650Z"}
{"level":"info","message":"Server is running on port 3000","timestamp":"2025-01-29T15:20:20.655Z"}
{"level":"info","message":"MongoDB connected successfully","timestamp":"2025-01-29T19:56:51.376Z"}
{"level":"info","message":"Server is running on port 3000","timestamp":"2025-01-29T19:56:51.383Z"}
{"level":"info","message":"MongoDB connected successfully","timestamp":"2025-01-29T20:24:16.612Z"}
{"level":"info","message":"Server is running on port 3000","timestamp":"2025-01-29T20:24:16.617Z"}
{"level":"info","message":"MongoDB connected successfully","timestamp":"2025-01-29T20:24:55.528Z"}
{"level":"info","message":"Server is running on port 3000","timestamp":"2025-01-29T20:24:55.533Z"}
{"level":"info","message":"MongoDB connected successfully","timestamp":"2025-01-29T20:30:34.906Z"}
{"level":"info","message":"Server is running on port 3000","timestamp":"2025-01-29T20:30:34.911Z"}
{"level":"info","message":"MongoDB connected successfully","timestamp":"2025-01-29T20:32:50.399Z"}
{"level":"info","message":"Server is running on port 3000","timestamp":"2025-01-29T20:32:50.406Z"}
{"issues":[{"code":"invalid_string","message":"Invalid email","path":["email"],"validation":"email"}],"level":"error","message":"Unexpected error: [\n  {\n    \"validation\": \"email\",\n    \"code\": \"invalid_string\",\n    \"message\": \"Invalid email\",\n    \"path\": [\n      \"email\"\n    ]\n  }\n]","name":"ZodError","stack":"ZodError: [\n  {\n    \"validation\": \"email\",\n    \"code\": \"invalid_string\",\n    \"message\": \"Invalid email\",\n    \"path\": [\n      \"email\"\n    ]\n  }\n]\n    at Object.get error [as error] (C:\\Projects\\News-Tecno\\tech-news\\Tech-News\\backend\\node_modules\\zod\\lib\\types.js:55:31)\n    at ZodObject.parse (C:\\Projects\\News-Tecno\\tech-news\\Tech-News\\backend\\node_modules\\zod\\lib\\types.js:131:22)\n    at validateLogin (C:\\Projects\\News-Tecno\\tech-news\\Tech-News\\backend\\src\\utils\\validators.ts:20:22)\n    at C:\\Projects\\News-Tecno\\tech-news\\Tech-News\\backend\\src\\controllers\\authController.ts:55:38\n    at Generator.next (<anonymous>)\n    at C:\\Projects\\News-Tecno\\tech-news\\Tech-News\\backend\\src\\controllers\\authController.ts:8:71\n    at new Promise (<anonymous>)\n    at __awaiter (C:\\Projects\\News-Tecno\\tech-news\\Tech-News\\backend\\src\\controllers\\authController.ts:4:12)\n    at C:\\Projects\\News-Tecno\\tech-news\\Tech-News\\backend\\src\\controllers\\authController.ts:53:73\n    at C:\\Projects\\News-Tecno\\tech-news\\Tech-News\\backend\\src\\utils\\asyncHandler.ts:7:21","timestamp":"2025-01-29T20:35:02.800Z"}
{"issues":[{"code":"invalid_string","message":"Invalid email","path":["email"],"validation":"email"}],"level":"error","message":"Unexpected error: [\n  {\n    \"validation\": \"email\",\n    \"code\": \"invalid_string\",\n    \"message\": \"Invalid email\",\n    \"path\": [\n      \"email\"\n    ]\n  }\n]","name":"ZodError","stack":"ZodError: [\n  {\n    \"validation\": \"email\",\n    \"code\": \"invalid_string\",\n    \"message\": \"Invalid email\",\n    \"path\": [\n      \"email\"\n    ]\n  }\n]\n    at Object.get error [as error] (C:\\Projects\\News-Tecno\\tech-news\\Tech-News\\backend\\node_modules\\zod\\lib\\types.js:55:31)\n    at ZodObject.parse (C:\\Projects\\News-Tecno\\tech-news\\Tech-News\\backend\\node_modules\\zod\\lib\\types.js:131:22)\n    at validateRegistration (C:\\Projects\\News-Tecno\\tech-news\\Tech-News\\backend\\src\\utils\\validators.ts:16:29)\n    at C:\\Projects\\News-Tecno\\tech-news\\Tech-News\\backend\\src\\controllers\\authController.ts:24:45\n    at Generator.next (<anonymous>)\n    at C:\\Projects\\News-Tecno\\tech-news\\Tech-News\\backend\\src\\controllers\\authController.ts:8:71\n    at new Promise (<anonymous>)\n    at __awaiter (C:\\Projects\\News-Tecno\\tech-news\\Tech-News\\backend\\src\\controllers\\authController.ts:4:12)\n    at C:\\Projects\\News-Tecno\\tech-news\\Tech-News\\backend\\src\\controllers\\authController.ts:22:76\n    at C:\\Projects\\News-Tecno\\tech-news\\Tech-News\\backend\\src\\utils\\asyncHandler.ts:7:21","timestamp":"2025-01-29T20:35:14.095Z"}
{"level":"info","message":"MongoDB connected successfully","timestamp":"2025-01-29T21:00:27.099Z"}
{"level":"info","message":"Server is running on port 3000","timestamp":"2025-01-29T21:00:27.105Z"}
{"level":"info","message":"MongoDB connected successfully","timestamp":"2025-01-29T21:09:55.039Z"}
{"level":"info","message":"Server is running on port 3000","timestamp":"2025-01-29T21:09:55.045Z"}
{"level":"info","message":"MongoDB connected successfully","timestamp":"2025-01-29T21:33:51.176Z"}
{"level":"info","message":"Server is running on port 3000","timestamp":"2025-01-29T21:33:51.181Z"}
